<?xml version="1.0" encoding="UTF-8"?>
<coverage generated="1707544717408" clover="3.2.0">
  <project timestamp="1707544717408" name="All files">
    <metrics statements="12" coveredstatements="2" conditionals="6" coveredconditionals="0" methods="6" coveredmethods="1" elements="24" coveredelements="3" complexity="0" loc="12" ncloc="12" packages="1" files="2" classes="2"/>
    <file name="Character.js" path="C:\mycode\Netology\сайты\Containers_TASK-1_set\src\js\Character.js">
      <metrics statements="5" coveredstatements="0" conditionals="4" coveredconditionals="0" methods="1" coveredmethods="0"/>
      <line num="3" count="0" type="cond" truecount="0" falsecount="4"/>
      <line num="4" count="0" type="stmt"/>
      <line num="6" count="0" type="stmt"/>
      <line num="7" count="0" type="stmt"/>
      <line num="8" count="0" type="stmt"/>
    </file>
    <file name="set.js" path="C:\mycode\Netology\сайты\Containers_TASK-1_set\src\js\set.js">
      <metrics statements="7" coveredstatements="2" conditionals="2" coveredconditionals="0" methods="5" coveredmethods="1"/>
      <line num="3" count="1" type="stmt"/>
      <line num="4" count="1" type="stmt"/>
      <line num="8" count="0" type="cond" truecount="0" falsecount="2"/>
      <line num="9" count="0" type="stmt"/>
      <line num="11" count="0" type="stmt"/>
      <line num="15" count="0" type="stmt"/>
      <line num="19" count="0" type="stmt"/>
    </file>
  </project>
</coverage>
